#
# There is insufficient memory for the Java Runtime Environment to continue.
# Native memory allocation (malloc) failed to allocate 152960 bytes for Chunk::new
# Possible reasons:
#   The system is out of physical RAM or swap space
#   The process is running with CompressedOops enabled, and the Java Heap may be blocking the growth of the native heap
# Possible solutions:
#   Reduce memory load on the system
#   Increase physical memory or swap space
#   Check if swap backing store is full
#   Decrease Java heap size (-Xmx/-Xms)
#   Decrease number of Java threads
#   Decrease Java thread stack sizes (-Xss)
#   Set larger code cache with -XX:ReservedCodeCacheSize=
#   JVM is running with Unscaled Compressed Oops mode in which the Java heap is
#     placed in the first 4GB address space. The Java Heap base address is the
#     maximum limit for the native heap growth. Please use -XX:HeapBaseMinAddress
#     to set the Java Heap base and to place the Java Heap above 4GB virtual address.
# This output file may be truncated or incomplete.
#
#  Out of Memory Error (arena.cpp:189), pid=10076, tid=9088
#
# JRE version: OpenJDK Runtime Environment Temurin-17.0.2+8 (17.0.2+8) (build 17.0.2+8)
# Java VM: OpenJDK 64-Bit Server VM Temurin-17.0.2+8 (17.0.2+8, mixed mode, tiered, compressed oops, compressed class ptrs, parallel gc, windows-amd64)
# No core dump will be written. Minidumps are not enabled by default on client versions of Windows
#

---------------  S U M M A R Y ------------

Command Line: --add-modules=ALL-SYSTEM --add-opens=java.base/java.util=ALL-UNNAMED --add-opens=java.base/java.lang=ALL-UNNAMED --add-opens=java.base/sun.nio.fs=ALL-UNNAMED -Declipse.application=org.eclipse.jdt.ls.core.id1 -Dosgi.bundles.defaultStartLevel=4 -Declipse.product=org.eclipse.jdt.ls.core.product -Djava.import.generatesMetadataFilesAtProjectRoot=false -Dfile.encoding=utf8 -DwatchParentProcess=false -XX:+UseParallelGC -XX:GCTimeRatio=4 -XX:AdaptiveSizePolicyWeight=90 -Dsun.zip.disableMemoryMapping=true -Xmx1G -Xms100m c:\Users\marco\.vscode\extensions\redhat.java-1.5.0-win32-x64\server\plugins\org.eclipse.equinox.launcher_1.6.400.v20210924-0641.jar -configuration c:\Users\marco\AppData\Roaming\Code\User\globalStorage\redhat.java\1.5.0\config_ss_win -data c:\Users\marco\AppData\Roaming\Code\User\workspaceStorage\45f0e927f3572eb8cd823c5838f1005f\redhat.java\ss_ws

Host: Intel(R) Celeron(R) CPU B800 @ 1.50GHz, 2 cores, 1G,  Windows 10 , 64 bit Build 19041 (10.0.19041.1645)
Time: Mon Apr 18 00:48:08 2022 Hora oficial do Brasil elapsed time: 23.198836 seconds (0d 0h 0m 23s)

---------------  T H R E A D  ---------------

Current thread (0x0000024b44bef8d0):  JavaThread "C2 CompilerThread0" daemon [_thread_in_native, id=9088, stack(0x0000006543a00000,0x0000006543b00000)]


Current CompileTask:
C2:  23199 1489       4       java.lang.StringLatin1::toLowerCase (186 bytes)

Stack: [0x0000006543a00000,0x0000006543b00000]
Native frames: (J=compiled Java code, j=interpreted, Vv=VM code, C=native code)
V  [jvm.dll+0x67564a]
V  [jvm.dll+0x82fc04]
V  [jvm.dll+0x8313ae]
V  [jvm.dll+0x831a13]
V  [jvm.dll+0x245235]
V  [jvm.dll+0xabd7b]
V  [jvm.dll+0xac30c]
V  [jvm.dll+0x3631f7]
V  [jvm.dll+0x32d891]
V  [jvm.dll+0x32cd3a]
V  [jvm.dll+0x2180d1]
V  [jvm.dll+0x2174f1]
V  [jvm.dll+0x1a3a8d]
V  [jvm.dll+0x226ef8]
V  [jvm.dll+0x22503c]
V  [jvm.dll+0x7e596b]
V  [jvm.dll+0x7dff2a]
V  [jvm.dll+0x6744d5]
C  [ucrtbase.dll+0x21bb2]
C  [KERNEL32.DLL+0x17034]
C  [ntdll.dll+0x52651]


---------------  P R O C E S S  ---------------

Threads class SMR info:
_java_thread_list=0x0000024b4634b3d0, length=17, elements={
0x0000024b30deec20, 0x0000024b44bc3730, 0x0000024b44bc44b0, 0x0000024b44bb74a0,
0x0000024b44bb8220, 0x0000024b44be1770, 0x0000024b44be5050, 0x0000024b44bef8d0,
0x0000024b44bf4e80, 0x0000024b44bf7600, 0x0000024b44b00a60, 0x0000024b461577f0,
0x0000024b464394a0, 0x0000024b4674af00, 0x0000024b46397790, 0x0000024b463ac8d0,
0x0000024b46711030
}

Java Threads: ( => current thread )
  0x0000024b30deec20 JavaThread "main" [_thread_blocked, id=7932, stack(0x0000006543100000,0x0000006543200000)]
  0x0000024b44bc3730 JavaThread "Reference Handler" daemon [_thread_blocked, id=5480, stack(0x0000006543400000,0x0000006543500000)]
  0x0000024b44bc44b0 JavaThread "Finalizer" daemon [_thread_blocked, id=7224, stack(0x0000006543500000,0x0000006543600000)]
  0x0000024b44bb74a0 JavaThread "Signal Dispatcher" daemon [_thread_blocked, id=9188, stack(0x0000006543600000,0x0000006543700000)]
  0x0000024b44bb8220 JavaThread "Attach Listener" daemon [_thread_blocked, id=7632, stack(0x0000006543700000,0x0000006543800000)]
  0x0000024b44be1770 JavaThread "Service Thread" daemon [_thread_blocked, id=10064, stack(0x0000006543800000,0x0000006543900000)]
  0x0000024b44be5050 JavaThread "Monitor Deflation Thread" daemon [_thread_blocked, id=7780, stack(0x0000006543900000,0x0000006543a00000)]
=>0x0000024b44bef8d0 JavaThread "C2 CompilerThread0" daemon [_thread_in_native, id=9088, stack(0x0000006543a00000,0x0000006543b00000)]
  0x0000024b44bf4e80 JavaThread "C1 CompilerThread0" daemon [_thread_blocked, id=7976, stack(0x0000006543b00000,0x0000006543c00000)]
  0x0000024b44bf7600 JavaThread "Sweeper thread" daemon [_thread_blocked, id=2576, stack(0x0000006543c00000,0x0000006543d00000)]
  0x0000024b44b00a60 JavaThread "Common-Cleaner" daemon [_thread_blocked, id=9148, stack(0x0000006543d00000,0x0000006543e00000)]
  0x0000024b461577f0 JavaThread "Notification Thread" daemon [_thread_blocked, id=10212, stack(0x0000006543e00000,0x0000006543f00000)]
  0x0000024b464394a0 JavaThread "Active Thread: Equinox Container: 44fb8dd5-208a-441e-a3a0-cc5ec3d0f57c" [_thread_blocked, id=1676, stack(0x0000006544000000,0x0000006544100000)]
  0x0000024b4674af00 JavaThread "Framework Event Dispatcher: Equinox Container: 44fb8dd5-208a-441e-a3a0-cc5ec3d0f57c" daemon [_thread_blocked, id=7404, stack(0x0000006544100000,0x0000006544200000)]
  0x0000024b46397790 JavaThread "Start Level: Equinox Container: 44fb8dd5-208a-441e-a3a0-cc5ec3d0f57c" daemon [_thread_in_native, id=1704, stack(0x0000006544200000,0x0000006544300000)]
  0x0000024b463ac8d0 JavaThread "SCR Component Actor" daemon [_thread_blocked, id=2848, stack(0x0000006544300000,0x0000006544400000)]
  0x0000024b46711030 JavaThread "Timer-0" [_thread_blocked, id=6212, stack(0x0000006544500000,0x0000006544600000)]

Other Threads:
  0x0000024b44b0b1c0 VMThread "VM Thread" [stack: 0x0000006543300000,0x0000006543400000] [id=5200]
  0x0000024b46157cc0 WatcherThread [stack: 0x0000006543f00000,0x0000006544000000] [id=9992]
  0x0000024b30e08200 GCTaskThread "GC Thread#0" [stack: 0x0000006543200000,0x0000006543300000] [id=7280]
  0x0000024b468985f0 GCTaskThread "GC Thread#1" [stack: 0x0000006544400000,0x0000006544500000] [id=724]

Threads with active compile tasks:
C2 CompilerThread0    23622 1489       4       java.lang.StringLatin1::toLowerCase (186 bytes)

VM state: not at safepoint (normal execution)

VM Mutex/Monitor currently owned by a thread: None

Heap address: 0x00000000c0000000, size: 1024 MB, Compressed Oops mode: 32-bit

CDS archive(s) not mapped
Compressed class space mapped at: 0x0000000100000000-0x0000000140000000, reserved size: 1073741824
Narrow klass base: 0x0000000000000000, Narrow klass shift: 3, Narrow klass range: 0x140000000

GC Precious Log:
 CPUs: 2 total, 2 available
 Memory: 1488M
 Large Page Support: Disabled
 NUMA Support: Disabled
 Compressed Oops: Enabled (32-bit)
 Alignments: Space 512K, Generation 512K, Heap 2M
 Heap Min Capacity: 100M
 Heap Initial Capacity: 100M
 Heap Max Capacity: 1G
 Pre-touch: Disabled
 Parallel Workers: 2

Heap:
 PSYoungGen      total 29696K, used 8878K [0x00000000eab00000, 0x00000000ecc00000, 0x0000000100000000)
  eden space 25600K, 19% used [0x00000000eab00000,0x00000000eafc3c38,0x00000000ec400000)
  from space 4096K, 97% used [0x00000000ec400000,0x00000000ec7e7d68,0x00000000ec800000)
  to   space 4096K, 0% used [0x00000000ec800000,0x00000000ec800000,0x00000000ecc00000)
 ParOldGen       total 68608K, used 24K [0x00000000c0000000, 0x00000000c4300000, 0x00000000eab00000)
  object space 68608K, 0% used [0x00000000c0000000,0x00000000c0006000,0x00000000c4300000)
 Metaspace       used 15690K, committed 16000K, reserved 1064960K
  class space    used 1628K, committed 1792K, reserved 1048576K

Card table byte_map: [0x0000024b307b0000,0x0000024b309c0000] _byte_map_base: 0x0000024b301b0000

Marking Bits: (ParMarkBitMap*) 0x00007ffce0233af0
 Begin Bits: [0x0000024b42a80000, 0x0000024b43a80000)
 End Bits:   [0x0000024b43a80000, 0x0000024b44a80000)

Polling page: 0x0000024b2ed30000

Metaspace:

Usage:
  Non-class:     13.73 MB used.
      Class:      1.59 MB used.
       Both:     15.32 MB used.

Virtual space:
  Non-class space:       16.00 MB reserved,      13.88 MB ( 87%) committed,  2 nodes.
      Class space:        1.00 GB reserved,       1.75 MB ( <1%) committed,  1 nodes.
             Both:        1.02 GB reserved,      15.62 MB (  2%) committed. 

Chunk freelists:
   Non-Class:  1.33 MB
       Class:  2.11 MB
        Both:  3.43 MB

MaxMetaspaceSize: unlimited
CompressedClassSpaceSize: 1.00 GB
Initial GC threshold: 21.00 MB
Current GC threshold: 21.00 MB
CDS: off
MetaspaceReclaimPolicy: balanced
 - commit_granule_bytes: 65536.
 - commit_granule_words: 8192.
 - virtual_space_node_default_size: 1048576.
 - enlarge_chunks_in_place: 1.
 - new_chunks_are_fully_committed: 0.
 - uncommit_free_chunks: 1.
 - use_allocation_guard: 0.
 - handle_deallocations: 1.


Internal statistics:

num_allocs_failed_limit: 0.
num_arena_births: 102.
num_arena_deaths: 0.
num_vsnodes_births: 3.
num_vsnodes_deaths: 0.
num_space_committed: 250.
num_space_uncommitted: 0.
num_chunks_returned_to_freelist: 0.
num_chunks_taken_from_freelist: 356.
num_chunk_merges: 0.
num_chunk_splits: 231.
num_chunks_enlarged: 171.
num_purges: 0.
num_inconsistent_stats: 0.

CodeHeap 'non-profiled nmethods': size=120064Kb used=468Kb max_used=468Kb free=119595Kb
 bounds [0x0000024b3b540000, 0x0000024b3b7b0000, 0x0000024b42a80000]
CodeHeap 'profiled nmethods': size=120000Kb used=2847Kb max_used=2847Kb free=117152Kb
 bounds [0x0000024b34010000, 0x0000024b342e0000, 0x0000024b3b540000]
CodeHeap 'non-nmethods': size=5696Kb used=1156Kb max_used=1172Kb free=4539Kb
 bounds [0x0000024b33a80000, 0x0000024b33cf0000, 0x0000024b34010000]
 total_blobs=1939 nmethods=1490 adapters=364
 compilation: enabled
              stopped_count=0, restarted_count=0
 full_count=0

Compilation events (20 events):
Event: 22.797 Thread 0x0000024b44bf4e80 nmethod 1479 0x0000024b342ccc10 code [0x0000024b342cce60, 0x0000024b342cd7b8]
Event: 22.797 Thread 0x0000024b44bf4e80 1481   !   3       org.eclipse.osgi.storage.BundleInfo$Generation::getRevision (17 bytes)
Event: 22.797 Thread 0x0000024b44bf4e80 nmethod 1481 0x0000024b342cdc90 code [0x0000024b342cde20, 0x0000024b342ce018]
Event: 22.801 Thread 0x0000024b44bf4e80 1482   !   3       org.eclipse.osgi.internal.loader.ModuleClassLoader::publicFindLoaded (28 bytes)
Event: 22.801 Thread 0x0000024b44bf4e80 nmethod 1482 0x0000024b342ce110 code [0x0000024b342ce300, 0x0000024b342ce798]
Event: 22.833 Thread 0x0000024b44bef8d0 1483       4       java.util.concurrent.ConcurrentHashMap::spread (10 bytes)
Event: 22.833 Thread 0x0000024b44bef8d0 nmethod 1483 0x0000024b3b5b4d90 code [0x0000024b3b5b4f00, 0x0000024b3b5b4f78]
Event: 22.850 Thread 0x0000024b44bf4e80 1484       3       java.util.ArrayList$SubList::size (9 bytes)
Event: 22.851 Thread 0x0000024b44bf4e80 nmethod 1484 0x0000024b342ce990 code [0x0000024b342ceb40, 0x0000024b342cedc8]
Event: 22.852 Thread 0x0000024b44bf4e80 1485   !   3       org.eclipse.osgi.internal.loader.BundleLoader::findLocalClass (152 bytes)
Event: 22.855 Thread 0x0000024b44bf4e80 nmethod 1485 0x0000024b342cef10 code [0x0000024b342cf320, 0x0000024b342d0c18]
Event: 22.855 Thread 0x0000024b44bf4e80 1487   !   3       org.eclipse.osgi.internal.loader.classpath.ClasspathManager::findLocalClass (210 bytes)
Event: 22.857 Thread 0x0000024b44bf4e80 nmethod 1487 0x0000024b342d1690 code [0x0000024b342d1a20, 0x0000024b342d3508]
Event: 22.857 Thread 0x0000024b44bf4e80 1486       3       org.eclipse.osgi.internal.loader.ModuleClassLoader::findLocalClass (9 bytes)
Event: 22.858 Thread 0x0000024b44bf4e80 nmethod 1486 0x0000024b342d3d90 code [0x0000024b342d3f40, 0x0000024b342d40a8]
Event: 22.879 Thread 0x0000024b44bf4e80 1488       3       java.io.WinNTFileSystem::normalize (143 bytes)
Event: 22.880 Thread 0x0000024b44bf4e80 nmethod 1488 0x0000024b342d4190 code [0x0000024b342d4420, 0x0000024b342d4ff8]
Event: 23.155 Thread 0x0000024b44bef8d0 1489       4       java.lang.StringLatin1::toLowerCase (186 bytes)
Event: 23.156 Thread 0x0000024b44bf4e80 1490   !   3       java.util.concurrent.ConcurrentHashMap::putVal (433 bytes)
Event: 23.162 Thread 0x0000024b44bf4e80 nmethod 1490 0x0000024b342d5490 code [0x0000024b342d57e0, 0x0000024b342d7148]

GC Heap History (2 events):
Event: 21.918 GC heap before
{Heap before GC invocations=1 (full 0):
 PSYoungGen      total 29696K, used 25600K [0x00000000eab00000, 0x00000000ecc00000, 0x0000000100000000)
  eden space 25600K, 100% used [0x00000000eab00000,0x00000000ec400000,0x00000000ec400000)
  from space 4096K, 0% used [0x00000000ec800000,0x00000000ec800000,0x00000000ecc00000)
  to   space 4096K, 0% used [0x00000000ec400000,0x00000000ec400000,0x00000000ec800000)
 ParOldGen       total 68608K, used 0K [0x00000000c0000000, 0x00000000c4300000, 0x00000000eab00000)
  object space 68608K, 0% used [0x00000000c0000000,0x00000000c0000000,0x00000000c4300000)
 Metaspace       used 13350K, committed 13632K, reserved 1064960K
  class space    used 1355K, committed 1472K, reserved 1048576K
}
Event: 22.045 GC heap after
{Heap after GC invocations=1 (full 0):
 PSYoungGen      total 29696K, used 3999K [0x00000000eab00000, 0x00000000ecc00000, 0x0000000100000000)
  eden space 25600K, 0% used [0x00000000eab00000,0x00000000eab00000,0x00000000ec400000)
  from space 4096K, 97% used [0x00000000ec400000,0x00000000ec7e7d68,0x00000000ec800000)
  to   space 4096K, 0% used [0x00000000ec800000,0x00000000ec800000,0x00000000ecc00000)
 ParOldGen       total 68608K, used 24K [0x00000000c0000000, 0x00000000c4300000, 0x00000000eab00000)
  object space 68608K, 0% used [0x00000000c0000000,0x00000000c0006000,0x00000000c4300000)
 Metaspace       used 13350K, committed 13632K, reserved 1064960K
  class space    used 1355K, committed 1472K, reserved 1048576K
}

Deoptimization events (20 events):
Event: 12.955 Thread 0x0000024b30deec20 Uncommon trap: trap_request=0xffffffde fr.pc=0x0000024b3b58d370 relative=0x0000000000000950
Event: 12.955 Thread 0x0000024b30deec20 Uncommon trap: reason=class_check action=maybe_recompile pc=0x0000024b3b58d370 method=java.util.HashMap.putVal(ILjava/lang/Object;Ljava/lang/Object;ZZ)Ljava/lang/Object; @ 253 c2
Event: 12.955 Thread 0x0000024b30deec20 DEOPT PACKING pc=0x0000024b3b58d370 sp=0x00000065431fdfc0
Event: 12.955 Thread 0x0000024b30deec20 DEOPT UNPACKING pc=0x0000024b33ad209d sp=0x00000065431fdf40 mode 2
Event: 12.971 Thread 0x0000024b30deec20 Uncommon trap: trap_request=0xffffffde fr.pc=0x0000024b3b58d370 relative=0x0000000000000950
Event: 12.971 Thread 0x0000024b30deec20 Uncommon trap: reason=class_check action=maybe_recompile pc=0x0000024b3b58d370 method=java.util.HashMap.putVal(ILjava/lang/Object;Ljava/lang/Object;ZZ)Ljava/lang/Object; @ 253 c2
Event: 12.972 Thread 0x0000024b30deec20 DEOPT PACKING pc=0x0000024b3b58d370 sp=0x00000065431fe040
Event: 12.972 Thread 0x0000024b30deec20 DEOPT UNPACKING pc=0x0000024b33ad209d sp=0x00000065431fdfc0 mode 2
Event: 22.590 Thread 0x0000024b46397790 Uncommon trap: trap_request=0xffffff45 fr.pc=0x0000024b3b55891c relative=0x000000000000015c
Event: 22.590 Thread 0x0000024b46397790 Uncommon trap: reason=unstable_if action=reinterpret pc=0x0000024b3b55891c method=java.lang.invoke.VarHandle.checkExactAccessMode(Ljava/lang/invoke/VarHandle$AccessDescriptor;)V @ 4 c2
Event: 22.590 Thread 0x0000024b46397790 DEOPT PACKING pc=0x0000024b3b55891c sp=0x00000065442fd380
Event: 22.590 Thread 0x0000024b46397790 DEOPT UNPACKING pc=0x0000024b33ad209d sp=0x00000065442fd2c0 mode 2
Event: 22.745 Thread 0x0000024b46397790 Uncommon trap: trap_request=0xffffff45 fr.pc=0x0000024b3b5b25a0 relative=0x0000000000000b00
Event: 22.746 Thread 0x0000024b46397790 Uncommon trap: reason=unstable_if action=reinterpret pc=0x0000024b3b5b25a0 method=java.util.concurrent.ConcurrentHashMap.putVal(Ljava/lang/Object;Ljava/lang/Object;Z)Ljava/lang/Object; @ 148 c2
Event: 22.746 Thread 0x0000024b46397790 DEOPT PACKING pc=0x0000024b3b5b25a0 sp=0x00000065442f88a0
Event: 22.746 Thread 0x0000024b46397790 DEOPT UNPACKING pc=0x0000024b33ad209d sp=0x00000065442f8820 mode 2
Event: 22.796 Thread 0x0000024b46397790 Uncommon trap: trap_request=0xffffff45 fr.pc=0x0000024b3b59f3dc relative=0x000000000000109c
Event: 22.796 Thread 0x0000024b46397790 Uncommon trap: reason=unstable_if action=reinterpret pc=0x0000024b3b59f3dc method=java.io.WinNTFileSystem.normalize(Ljava/lang/String;II)Ljava/lang/String; @ 100 c2
Event: 22.796 Thread 0x0000024b46397790 DEOPT PACKING pc=0x0000024b3b59f3dc sp=0x00000065442f8d10
Event: 22.796 Thread 0x0000024b46397790 DEOPT UNPACKING pc=0x0000024b33ad209d sp=0x00000065442f8c50 mode 2

Classes unloaded (0 events):
No events

Classes redefined (0 events):
No events

Internal exceptions (20 events):
Event: 9.496 Thread 0x0000024b30deec20 Exception <a 'java/lang/ClassNotFoundException'{0x00000000eb63ad98}: sun/net/www/protocol/c/Handler> (0x00000000eb63ad98) 
thrown [e:\jenkins\tmp\workspace\build\src\src\hotspot\share\classfile\systemDictionary.cpp, line 256]
Event: 9.497 Thread 0x0000024b30deec20 Exception <a 'java/lang/ClassNotFoundException'{0x00000000eb63bf38}: sun/net/www/protocol/c/Handler> (0x00000000eb63bf38) 
thrown [e:\jenkins\tmp\workspace\build\src\src\hotspot\share\classfile\systemDictionary.cpp, line 256]
Event: 9.528 Thread 0x0000024b30deec20 Exception <a 'java/io/FileNotFoundException'{0x00000000eb655d50}> (0x00000000eb655d50) 
thrown [e:\jenkins\tmp\workspace\build\src\src\hotspot\share\prims\jni.cpp, line 516]
Event: 9.629 Thread 0x0000024b30deec20 Implicit null exception at 0x0000024b3b5617db to 0x0000024b3b5621b8
Event: 9.629 Thread 0x0000024b30deec20 Implicit null exception at 0x0000024b3b56fa6c to 0x0000024b3b56fc44
Event: 9.629 Thread 0x0000024b30deec20 Implicit null exception at 0x0000024b3b56f0ec to 0x0000024b3b56f2cc
Event: 9.629 Thread 0x0000024b30deec20 Implicit null exception at 0x0000024b3b56f70f to 0x0000024b3b56f785
Event: 9.904 Thread 0x0000024b30deec20 Exception <a 'java/lang/NoSuchMethodError'{0x00000000eb834bd8}: 'int java.lang.invoke.DirectMethodHandle$Holder.invokeStaticInit(java.lang.Object, java.lang.Object, java.lang.Object, java.lang.Object)'> (0x00000000eb834bd8) 
thrown [e:\jenkins\tmp\workspace\build\src\src\hotspot\share\interpreter\linkResolver.cpp, line 766]
Event: 9.918 Thread 0x0000024b30deec20 Exception <a 'java/lang/NoSuchMethodError'{0x00000000eb83f248}: 'java.lang.Object java.lang.invoke.DirectMethodHandle$Holder.invokeInterface(java.lang.Object, java.lang.Object)'> (0x00000000eb83f248) 
thrown [e:\jenkins\tmp\workspace\build\src\src\hotspot\share\interpreter\linkResolver.cpp, line 766]
Event: 9.922 Thread 0x0000024b30deec20 Exception <a 'java/lang/IncompatibleClassChangeError'{0x00000000eb842a40}: Found class java.lang.Object, but interface was expected> (0x00000000eb842a40) 
thrown [e:\jenkins\tmp\workspace\build\src\src\hotspot\share\interpreter\linkResolver.cpp, line 833]
Event: 9.928 Thread 0x0000024b30deec20 Exception <a 'java/lang/NoSuchMethodError'{0x00000000eb845960}: 'void java.lang.invoke.DirectMethodHandle$Holder.invokeStatic(java.lang.Object, java.lang.Object)'> (0x00000000eb845960) 
thrown [e:\jenkins\tmp\workspace\build\src\src\hotspot\share\interpreter\linkResolver.cpp, line 766]
Event: 9.929 Thread 0x0000024b30deec20 Exception <a 'java/lang/NoSuchMethodError'{0x00000000eb849160}: 'void java.lang.invoke.DirectMethodHandle$Holder.invokeStaticInit(java.lang.Object, java.lang.Object)'> (0x00000000eb849160) 
thrown [e:\jenkins\tmp\workspace\build\src\src\hotspot\share\interpreter\linkResolver.cpp, line 766]
Event: 9.943 Thread 0x0000024b30deec20 Exception <a 'java/lang/NoSuchMethodError'{0x00000000eb84ef40}: 'int java.lang.invoke.DirectMethodHandle$Holder.invokeStaticInit(java.lang.Object, java.lang.Object)'> (0x00000000eb84ef40) 
thrown [e:\jenkins\tmp\workspace\build\src\src\hotspot\share\interpreter\linkResolver.cpp, line 766]
Event: 10.112 Thread 0x0000024b30deec20 Exception <a 'java/lang/NoSuchMethodError'{0x00000000eb8a06a8}: 'java.lang.Object java.lang.invoke.DirectMethodHandle$Holder.invokeStaticInit(java.lang.Object, int, int, int, int)'> (0x00000000eb8a06a8) 
thrown [e:\jenkins\tmp\workspace\build\src\src\hotspot\share\interpreter\linkResolver.cpp, line 766]
Event: 11.805 Thread 0x0000024b30deec20 Exception <a 'java/lang/NoSuchMethodError'{0x00000000eb8d0698}: 'java.lang.Object java.lang.invoke.DirectMethodHandle$Holder.invokeStaticInit(java.lang.Object, java.lang.Object, int, int, int, int)'> (0x00000000eb8d0698) 
thrown [e:\jenkins\tmp\workspace\build\src\src\hotspot\share\interpreter\linkResolver.cpp, line 766]
Event: 11.956 Thread 0x0000024b30deec20 Exception <a 'java/lang/NoSuchMethodError'{0x00000000eb948940}: 'void java.lang.invoke.DirectMethodHandle$Holder.invokeSpecial(java.lang.Object, java.lang.Object, java.lang.Object)'> (0x00000000eb948940) 
thrown [e:\jenkins\tmp\workspace\build\src\src\hotspot\share\interpreter\linkResolver.cpp, line 766]
Event: 12.802 Thread 0x0000024b30deec20 Exception <a 'java/lang/NoSuchMethodError'{0x00000000ebec5268}: 'java.lang.Object java.lang.invoke.DirectMethodHandle$Holder.newInvokeSpecial(java.lang.Object, int, java.lang.Object)'> (0x00000000ebec5268) 
thrown [e:\jenkins\tmp\workspace\build\src\src\hotspot\share\interpreter\linkResolver.cpp, line 766]
Event: 21.021 Thread 0x0000024b30deec20 Exception <a 'java/lang/UnsatisfiedLinkError'{0x00000000ec1cddc0}: 'void org.eclipse.equinox.launcher.JNIBridge._update_splash()'> (0x00000000ec1cddc0) 
thrown [e:\jenkins\tmp\workspace\build\src\src\hotspot\share\prims\nativeLookup.cpp, line 543]
Event: 21.479 Thread 0x0000024b46397790 Exception <a 'java/lang/NoSuchMethodError'{0x00000000ec37dcb8}: 'java.lang.Object java.lang.invoke.DirectMethodHandle$Holder.invokeStaticInit(java.lang.Object)'> (0x00000000ec37dcb8) 
thrown [e:\jenkins\tmp\workspace\build\src\src\hotspot\share\interpreter\linkResolver.cpp, line 766]
Event: 22.740 Thread 0x0000024b46397790 Exception <a 'java/io/FileNotFoundException'{0x00000000eaf041c8}> (0x00000000eaf041c8) 
thrown [e:\jenkins\tmp\workspace\build\src\src\hotspot\share\prims\jni.cpp, line 516]

VM Operations (20 events):
Event: 11.628 Executing VM operation: Cleanup
Event: 11.628 Executing VM operation: Cleanup done
Event: 12.630 Executing VM operation: Cleanup
Event: 12.630 Executing VM operation: Cleanup done
Event: 12.688 Executing VM operation: HandshakeAllThreads
Event: 12.708 Executing VM operation: HandshakeAllThreads done
Event: 12.726 Executing VM operation: HandshakeAllThreads
Event: 12.726 Executing VM operation: HandshakeAllThreads done
Event: 13.732 Executing VM operation: Cleanup
Event: 13.733 Executing VM operation: Cleanup done
Event: 16.752 Executing VM operation: Cleanup
Event: 16.752 Executing VM operation: Cleanup done
Event: 21.737 Executing VM operation: HandshakeAllThreads
Event: 21.892 Executing VM operation: HandshakeAllThreads done
Event: 21.892 Executing VM operation: Cleanup
Event: 21.893 Executing VM operation: Cleanup done
Event: 21.895 Executing VM operation: ParallelGCFailedAllocation
Event: 22.047 Executing VM operation: ParallelGCFailedAllocation done
Event: 23.054 Executing VM operation: Cleanup
Event: 23.054 Executing VM operation: Cleanup done

Events (20 events):
Event: 22.445 loading class com/sun/org/apache/xerces/internal/impl/io/MalformedByteSequenceException done
Event: 22.485 loading class java/util/concurrent/RejectedExecutionException
Event: 22.486 loading class java/util/concurrent/RejectedExecutionException done
Event: 22.497 loading class java/util/Timer
Event: 22.497 loading class java/util/Timer done
Event: 22.497 loading class java/util/TaskQueue
Event: 22.497 loading class java/util/TaskQueue done
Event: 22.497 loading class java/util/TimerThread
Event: 22.497 loading class java/util/TimerThread done
Event: 22.498 loading class java/util/Timer$ThreadReaper
Event: 22.498 loading class java/util/Timer$ThreadReaper done
Event: 22.498 Thread 0x0000024b46711030 Thread added: 0x0000024b46711030
Event: 22.535 loading class java/util/concurrent/locks/ReentrantLock$FairSync
Event: 22.535 loading class java/util/concurrent/locks/ReentrantLock$FairSync done
Event: 22.544 loading class java/util/Collections$ReverseComparator
Event: 22.545 loading class java/util/Collections$ReverseComparator done
Event: 22.723 loading class java/lang/CloneNotSupportedException
Event: 22.723 loading class java/lang/CloneNotSupportedException done
Event: 22.823 loading class javax/xml/parsers/ParserConfigurationException
Event: 22.823 loading class javax/xml/parsers/ParserConfigurationException done


Dynamic libraries:
0x00007ff7b0e20000 - 0x00007ff7b0e2e000 	c:\Users\marco\.vscode\extensions\redhat.java-1.5.0-win32-x64\jre\17.0.2-win32-x86_64\bin\java.exe
0x00007ffd064f0000 - 0x00007ffd066e5000 	C:\Windows\SYSTEM32\ntdll.dll
0x00007ffd05e50000 - 0x00007ffd05f0e000 	C:\Windows\System32\KERNEL32.DLL
0x00007ffd040c0000 - 0x00007ffd04388000 	C:\Windows\System32\KERNELBASE.dll
0x00007ffd03e20000 - 0x00007ffd03f20000 	C:\Windows\System32\ucrtbase.dll
0x00007ffcf4df0000 - 0x00007ffcf4e08000 	c:\Users\marco\.vscode\extensions\redhat.java-1.5.0-win32-x64\jre\17.0.2-win32-x86_64\bin\jli.dll
0x00007ffcf4d80000 - 0x00007ffcf4d99000 	c:\Users\marco\.vscode\extensions\redhat.java-1.5.0-win32-x64\jre\17.0.2-win32-x86_64\bin\VCRUNTIME140.dll
0x00007ffd05720000 - 0x00007ffd058c0000 	C:\Windows\System32\USER32.dll
0x00007ffd04390000 - 0x00007ffd043b2000 	C:\Windows\System32\win32u.dll
0x00007ffd059a0000 - 0x00007ffd059ca000 	C:\Windows\System32\GDI32.dll
0x00007ffd03cc0000 - 0x00007ffd03dcb000 	C:\Windows\System32\gdi32full.dll
0x00007ffd03f20000 - 0x00007ffd03fbd000 	C:\Windows\System32\msvcp_win.dll
0x00007ffcf3f20000 - 0x00007ffcf41ba000 	C:\Windows\WinSxS\amd64_microsoft.windows.common-controls_6595b64144ccf1df_6.0.19041.1110_none_60b5254171f9507e\COMCTL32.dll
0x00007ffd059d0000 - 0x00007ffd05a6e000 	C:\Windows\System32\msvcrt.dll
0x00007ffd04670000 - 0x00007ffd046a0000 	C:\Windows\System32\IMM32.DLL
0x00007ffcf4ee0000 - 0x00007ffcf4eec000 	c:\Users\marco\.vscode\extensions\redhat.java-1.5.0-win32-x64\jre\17.0.2-win32-x86_64\bin\vcruntime140_1.dll
0x00007ffcea980000 - 0x00007ffceaa11000 	c:\Users\marco\.vscode\extensions\redhat.java-1.5.0-win32-x64\jre\17.0.2-win32-x86_64\bin\msvcp140.dll
0x00007ffcdf6b0000 - 0x00007ffce02f7000 	c:\Users\marco\.vscode\extensions\redhat.java-1.5.0-win32-x64\jre\17.0.2-win32-x86_64\bin\server\jvm.dll
0x00007ffd04df0000 - 0x00007ffd04e9e000 	C:\Windows\System32\ADVAPI32.dll
0x00007ffd05b20000 - 0x00007ffd05bbc000 	C:\Windows\System32\sechost.dll
0x00007ffd05300000 - 0x00007ffd05425000 	C:\Windows\System32\RPCRT4.dll
0x00007ffd05bc0000 - 0x00007ffd05bc8000 	C:\Windows\System32\PSAPI.DLL
0x00007ffcf4cd0000 - 0x00007ffcf4cd9000 	C:\Windows\SYSTEM32\WSOCK32.dll
0x00007ffd05bd0000 - 0x00007ffd05c3b000 	C:\Windows\System32\WS2_32.dll
0x00007ffcf4670000 - 0x00007ffcf4697000 	C:\Windows\SYSTEM32\WINMM.dll
0x00007ffcf6bb0000 - 0x00007ffcf6bba000 	C:\Windows\SYSTEM32\VERSION.dll
0x00007ffd01b30000 - 0x00007ffd01b42000 	C:\Windows\SYSTEM32\kernel.appcore.dll
0x00007ffcf4cb0000 - 0x00007ffcf4cba000 	c:\Users\marco\.vscode\extensions\redhat.java-1.5.0-win32-x64\jre\17.0.2-win32-x86_64\bin\jimage.dll
0x00007ffcf69c0000 - 0x00007ffcf6ba4000 	C:\Windows\SYSTEM32\DBGHELP.DLL
0x00007ffcf6150000 - 0x00007ffcf617c000 	C:\Windows\SYSTEM32\dbgcore.DLL
0x00007ffd04030000 - 0x00007ffd040b2000 	C:\Windows\System32\bcryptPrimitives.dll
0x00007ffcf0280000 - 0x00007ffcf02a5000 	c:\Users\marco\.vscode\extensions\redhat.java-1.5.0-win32-x64\jre\17.0.2-win32-x86_64\bin\java.dll
0x00007ffcf0260000 - 0x00007ffcf0278000 	c:\Users\marco\.vscode\extensions\redhat.java-1.5.0-win32-x64\jre\17.0.2-win32-x86_64\bin\zip.dll
0x00007ffd046a0000 - 0x00007ffd04de4000 	C:\Windows\System32\SHELL32.dll
0x00007ffd01d30000 - 0x00007ffd024c4000 	C:\Windows\SYSTEM32\windows.storage.dll
0x00007ffd04fa0000 - 0x00007ffd052f4000 	C:\Windows\System32\combase.dll
0x00007ffd03610000 - 0x00007ffd0363c000 	C:\Windows\SYSTEM32\Wldp.dll
0x00007ffd05610000 - 0x00007ffd056bd000 	C:\Windows\System32\SHCORE.dll
0x00007ffd055b0000 - 0x00007ffd05605000 	C:\Windows\System32\shlwapi.dll
0x00007ffd03b50000 - 0x00007ffd03b6f000 	C:\Windows\SYSTEM32\profapi.dll
0x00007ffcf0220000 - 0x00007ffcf0239000 	C:\Users\marco\.vscode\extensions\redhat.java-1.5.0-win32-x64\jre\17.0.2-win32-x86_64\bin\net.dll
0x00007ffcf92a0000 - 0x00007ffcf93aa000 	C:\Windows\SYSTEM32\WINHTTP.dll
0x00007ffd03310000 - 0x00007ffd0337a000 	C:\Windows\system32\mswsock.dll
0x00007ffcf00d0000 - 0x00007ffcf00e5000 	C:\Users\marco\.vscode\extensions\redhat.java-1.5.0-win32-x64\jre\17.0.2-win32-x86_64\bin\nio.dll
0x00007ffd03500000 - 0x00007ffd03518000 	C:\Windows\SYSTEM32\CRYPTSP.dll
0x00007ffd02c90000 - 0x00007ffd02cc4000 	C:\Windows\system32\rsaenh.dll
0x00007ffd043c0000 - 0x00007ffd043e7000 	C:\Windows\System32\bcrypt.dll
0x00007ffd03b10000 - 0x00007ffd03b3e000 	C:\Windows\SYSTEM32\USERENV.dll
0x00007ffd03520000 - 0x00007ffd0352c000 	C:\Windows\SYSTEM32\CRYPTBASE.dll
0x00007ffd03000000 - 0x00007ffd0303b000 	C:\Windows\SYSTEM32\IPHLPAPI.DLL
0x00007ffd058c0000 - 0x00007ffd058c8000 	C:\Windows\System32\NSI.dll
0x00007ffcf9fd0000 - 0x00007ffcf9fe7000 	C:\Windows\SYSTEM32\dhcpcsvc6.DLL
0x00007ffcfada0000 - 0x00007ffcfadbd000 	C:\Windows\SYSTEM32\dhcpcsvc.DLL
0x00007ffd03040000 - 0x00007ffd0310b000 	C:\Windows\SYSTEM32\DNSAPI.dll
0x00007ffcea940000 - 0x00007ffcea97e000 	C:\Users\marco\AppData\Roaming\Code\User\globalStorage\redhat.java\1.5.0\config_ss_win\org.eclipse.equinox.launcher\org.eclipse.equinox.launcher.win32.win32.x86_64_1.2.400.v20211117-0650\eclipse_11602.dll
0x00007ffd05f10000 - 0x00007ffd0603a000 	C:\Windows\System32\ole32.dll

dbghelp: loaded successfully - version: 4.0.5 - missing functions: none
symbol engine: initialized successfully - sym options: 0x614 - pdb path: .;c:\Users\marco\.vscode\extensions\redhat.java-1.5.0-win32-x64\jre\17.0.2-win32-x86_64\bin;C:\Windows\SYSTEM32;C:\Windows\WinSxS\amd64_microsoft.windows.common-controls_6595b64144ccf1df_6.0.19041.1110_none_60b5254171f9507e;c:\Users\marco\.vscode\extensions\redhat.java-1.5.0-win32-x64\jre\17.0.2-win32-x86_64\bin\server;C:\Users\marco\AppData\Roaming\Code\User\globalStorage\redhat.java\1.5.0\config_ss_win\org.eclipse.equinox.launcher\org.eclipse.equinox.launcher.win32.win32.x86_64_1.2.400.v20211117-0650

VM Arguments:
jvm_args: --add-modules=ALL-SYSTEM --add-opens=java.base/java.util=ALL-UNNAMED --add-opens=java.base/java.lang=ALL-UNNAMED --add-opens=java.base/sun.nio.fs=ALL-UNNAMED -Declipse.application=org.eclipse.jdt.ls.core.id1 -Dosgi.bundles.defaultStartLevel=4 -Declipse.product=org.eclipse.jdt.ls.core.product -Djava.import.generatesMetadataFilesAtProjectRoot=false -Dfile.encoding=utf8 -DwatchParentProcess=false -XX:+UseParallelGC -XX:GCTimeRatio=4 -XX:AdaptiveSizePolicyWeight=90 -Dsun.zip.disableMemoryMapping=true -Xmx1G -Xms100m 
java_command: c:\Users\marco\.vscode\extensions\redhat.java-1.5.0-win32-x64\server\plugins\org.eclipse.equinox.launcher_1.6.400.v20210924-0641.jar -configuration c:\Users\marco\AppData\Roaming\Code\User\globalStorage\redhat.java\1.5.0\config_ss_win -data c:\Users\marco\AppData\Roaming\Code\User\workspaceStorage\45f0e927f3572eb8cd823c5838f1005f\redhat.java\ss_ws
java_class_path (initial): c:\Users\marco\.vscode\extensions\redhat.java-1.5.0-win32-x64\server\plugins\org.eclipse.equinox.launcher_1.6.400.v20210924-0641.jar
Launcher Type: SUN_STANDARD

[Global flags]
    uintx AdaptiveSizePolicyWeight                 = 90                                        {product} {command line}
     intx CICompilerCount                          = 2                                         {product} {ergonomic}
    uintx GCTimeRatio                              = 4                                         {product} {command line}
   size_t InitialHeapSize                          = 104857600                                 {product} {command line}
   size_t MaxHeapSize                              = 1073741824                                {product} {command line}
   size_t MaxNewSize                               = 357564416                                 {product} {ergonomic}
   size_t MinHeapDeltaBytes                        = 524288                                    {product} {ergonomic}
   size_t MinHeapSize                              = 104857600                                 {product} {command line}
   size_t NewSize                                  = 34603008                                  {product} {ergonomic}
    uintx NonNMethodCodeHeapSize                   = 5826188                                {pd product} {ergonomic}
    uintx NonProfiledCodeHeapSize                  = 122916026                              {pd product} {ergonomic}
   size_t OldSize                                  = 70254592                                  {product} {ergonomic}
    uintx ProfiledCodeHeapSize                     = 122916026                              {pd product} {ergonomic}
    uintx ReservedCodeCacheSize                    = 251658240                              {pd product} {ergonomic}
     bool SegmentedCodeCache                       = true                                      {product} {ergonomic}
   size_t SoftMaxHeapSize                          = 1073741824                             {manageable} {ergonomic}
     bool UseCompressedClassPointers               = true                           {product lp64_product} {ergonomic}
     bool UseCompressedOops                        = true                           {product lp64_product} {ergonomic}
     bool UseLargePagesIndividualAllocation        = false                                  {pd product} {ergonomic}
     bool UseParallelGC                            = true                                      {product} {command line}

Logging:
Log output configuration:
 #0: stdout all=warning uptime,level,tags
 #1: stderr all=off uptime,level,tags

Environment Variables:
JAVA_HOME=C:\Program Files\java\zulu17.32.13-ca-jdk17.0.2-win_x64
PATH=C:\Program Files\java\zulu17.32.13-ca-jdk17.0.2-win_x64\bin;C:\Python310\Scripts\;C:\Python310\;C:\Windows\system32;C:\Windows;C:\Windows\System32\Wbem;C:\Windows\System32\WindowsPowerShell\v1.0\;C:\Windows\System32\OpenSSH\;C:\Program Files\Git\cmd;C:\Program Files\nodejs\;C:\ProgramData\chocolatey\bin;C:\Program Files\MySQL\MySQL Shell 8.0\bin\;C:\Users\marco\AppData\Local\Programs\Python\Python310\Scripts\;C:\Users\marco\AppData\Local\Programs\Python\Python310\;C:\Users\marco\AppData\Local\Microsoft\WindowsApps;;C:\Users\marco\AppData\Local\Programs\Microsoft VS Code\bin;C:\Users\marco\AppData\Roaming\npm;C:\Program Files\heroku\bin;C:\Program Files\JetBrains\IntelliJ IDEA Community Edition 2022.1\bin;
USERNAME=marco
OS=Windows_NT
PROCESSOR_IDENTIFIER=Intel64 Family 6 Model 42 Stepping 7, GenuineIntel



---------------  S Y S T E M  ---------------

OS:
 Windows 10 , 64 bit Build 19041 (10.0.19041.1645)
OS uptime: 0 days 4:09 hours

CPU: total 2 (initial active 2) (2 cores per cpu, 1 threads per core) family 6 model 42 stepping 7 microcode 0x2f, cx8, cmov, fxsr, mmx, sse, sse2, sse3, ssse3, sse4.1, sse4.2, popcnt, tsc, tscinvbit, clmul, clflush

Memory: 4k page, system-wide physical 1488M (82M free)
TotalPageFile size 6096M (AvailPageFile size 3M)
current process WorkingSet (physical memory assigned to process): 56M, peak: 61M
current process commit charge ("private bytes"): 183M, peak: 184M

vm_info: OpenJDK 64-Bit Server VM (17.0.2+8) for windows-amd64 JRE (17.0.2+8), built on Jan 20 2022 04:52:34 by "" with MS VC++ 16.7 (VS2019)

END.
